30/10/2024, 16:30:09	78aab37c-8070-43b1-b8ae-d4e355697172	POST	/staff%0A	undefined
30/10/2024, 16:30:09	96955011-f302-42db-91a8-a650eabea205	OPTIONS	/auth/login/staff	http://localhost:3000
30/10/2024, 16:30:09	8ad66759-bf88-4d70-a38a-aedd0f318e0c	POST	/auth/login/staff	http://localhost:3000
30/10/2024, 16:32:32	59efb608-84b6-4740-a43d-c6dd171b8e78	OPTIONS	/auth/login/staff	http://localhost:3000
30/10/2024, 16:32:32	2283f456-5cae-4305-b6c3-a0c9a222fc50	POST	/auth/login/staff	http://localhost:3000
30/10/2024, 16:32:32	15b05e9d-259e-47c0-8d0d-3e3ee371a678	POST	/auth/login/staff	http://localhost:3000
30/10/2024, 16:32:32	8df206b7-6343-465e-9cdb-8b3d42752765	OPTIONS	/auth/login/staff	http://localhost:3000
30/10/2024, 16:32:32	4330e8e2-d10c-4463-a6df-787e7daed0cf	POST	/auth/login/staff	http://localhost:3000
30/10/2024, 16:32:32	75df4dec-7838-4a4e-b678-40d67d645537	OPTIONS	/auth/login/staff	http://localhost:3000
30/10/2024, 16:32:32	f9becd48-9ab9-4220-ab7d-f2e52224c84a	POST	/auth/login/staff	http://localhost:3000
30/10/2024, 16:32:32	cf03e594-77f6-4324-bf96-9e8d93766887	OPTIONS	/auth/login/staff	http://localhost:3000
30/10/2024, 16:32:32	caf5abc5-c165-4a21-886d-ec7a2a7683c0	POST	/auth/login/staff	http://localhost:3000
30/10/2024, 16:32:32	21da5a98-f575-467e-b026-d4f1f720808b	OPTIONS	/auth/login/staff	http://localhost:3000
30/10/2024, 16:32:32	529a727a-35e2-48cc-8196-a5476f856f3b	POST	/auth/login/staff	http://localhost:3000
30/10/2024, 16:32:32	208db8dd-2e2a-40d7-8abd-b93ba078a85a	OPTIONS	/auth/login/staff	http://localhost:3000
30/10/2024, 16:32:32	510dcce9-a59a-47ea-848e-cbe2ad7ef38e	POST	/auth/login/staff	http://localhost:3000
11/11/2024, 00:51:34	c79455d5-9d69-486e-a284-31a8a7bc33a6	OPTIONS	/auth/login/staff	http://localhost:3000
11/11/2024, 00:51:34	893620f7-e64b-4fe0-81b4-ea1e7219a6ad	POST	/auth/login/staff	http://localhost:3000
11/11/2024, 00:53:30	61720c85-287d-4676-b373-307e4bb66d43	OPTIONS	/auth/login/student	http://localhost:3000
11/11/2024, 00:53:30	acf9900a-a913-4a42-bb9b-4760bac80859	POST	/auth/login/student	http://localhost:3000
11/11/2024, 00:53:30	6ddb5fd7-530d-447d-a689-901018c1e7e7	OPTIONS	/auth/login/student	http://localhost:3000
11/11/2024, 00:53:30	624a61e5-5004-4fd6-86be-3eb53d660772	POST	/auth/login/student	http://localhost:3000
11/11/2024, 00:53:30	79b315a4-fc01-43c9-b64b-4182328124a0	OPTIONS	/student	http://localhost:3000
11/11/2024, 00:53:30	991404e2-a91d-49f7-8ed9-b73a738815de	POST	/student	http://localhost:3000
11/11/2024, 00:53:30	98c34f8c-59d5-4e99-b583-c226455491d4	OPTIONS	/auth/login/staff	http://localhost:3000
11/11/2024, 00:53:30	758289be-6c89-4468-8dd8-37f742148814	POST	/auth/login/staff	http://localhost:3000
11/11/2024, 00:53:30	eccb9e6c-c882-4515-9577-907de95b41d8	POST	/auth/login/staff	http://localhost:3000
11/11/2024, 00:53:30	4b975c81-e0e6-4d9f-aa32-183101d81205	GET	/staff	undefined
11/11/2024, 00:53:30	958c4878-15c0-48a9-b4ba-d850e862f6c3	GET	/favicon.ico	undefined
11/11/2024, 00:53:30	7a31c284-c8d7-4ccd-9c73-c8011364e730	POST	/staff	undefined
11/11/2024, 00:53:30	2f0ca62c-9bab-4097-ba76-a5ec93bf8b82	POST	/staff	undefined
11/11/2024, 00:53:30	5b6f1adc-262e-4c58-9d05-427c7b52e04c	POST	/staff	undefined
11/11/2024, 00:53:30	eee29456-04b2-4ed0-b324-d4c584e908eb	OPTIONS	/student	http://localhost:3000
11/11/2024, 00:53:30	88fc900d-eae9-4d9c-b2fd-22ae914597e9	POST	/student	http://localhost:3000
11/11/2024, 00:53:30	543a3a4c-3eba-44dd-a325-5a65b2e1bda6	POST	/staff	undefined
11/11/2024, 00:53:30	425a0e25-390c-4ffb-9874-2ee38103f8dc	POST	/staff	undefined
11/11/2024, 00:53:30	c86552e9-15c7-47b1-82fd-505c527abb8e	POST	/staff	undefined
11/11/2024, 00:53:30	bf532965-de16-43b0-a23f-72f6959788d8	POST	/staff	undefined
11/11/2024, 00:53:30	617a5b48-869c-4c29-b540-3b76c0679ab8	OPTIONS	/auth/login/staff	http://localhost:3000
11/11/2024, 00:53:30	c5cc270d-6733-4bbb-a5aa-a9b2586a1207	POST	/auth/login/staff	http://localhost:3000
11/11/2024, 00:53:30	e3a23523-11b1-4db1-b6c5-64ddbd098f6d	GET	/paper/staff/67310ed0abd2daeaa4213882	http://localhost:3000
11/11/2024, 00:53:30	6c1b4187-9207-4e7f-82f3-cf795020f0c8	GET	/paper/staff/67310ed0abd2daeaa4213882	http://localhost:3000
11/11/2024, 00:53:30	8bd23bdf-2936-4397-b159-921b7b35d109	GET	/time_schedule/67310ed0abd2daeaa4213882	http://localhost:3000
11/11/2024, 00:53:30	8dd386a6-daac-41c7-a050-9cafd60e2afe	GET	/time_schedule/67310ed0abd2daeaa4213882	http://localhost:3000
11/11/2024, 00:53:30	7fe22367-cebe-4b57-98ea-618564290d5e	GET	/staff/list/Computer%20application	http://localhost:3000
11/11/2024, 00:53:30	8ee7f0f4-6021-4440-a35e-8e07e258124d	GET	/staff/list/Computer%20application	http://localhost:3000
11/11/2024, 00:53:30	18303484-9c21-4a0a-804c-39a06946acd1	GET	/staff/approve/Computer%20application	http://localhost:3000
11/11/2024, 00:53:30	92993f20-fc30-4611-b4c3-f3b6b2595727	GET	/staff/approve/Computer%20application	http://localhost:3000
11/11/2024, 00:53:30	2fa8abd6-22d7-4bed-a3fc-4f0be376aed3	GET	/staff/approve/Computer%20application	http://localhost:3000
11/11/2024, 00:53:30	945fa09f-7ca1-43c6-aefa-c1074dded81f	GET	/staff/approve/Computer%20application	http://localhost:3000
11/11/2024, 00:53:30	da017bd6-3d5f-4625-b8b5-a4128c715b34	GET	/staff/list/Computer%20application	http://localhost:3000
11/11/2024, 00:53:30	3c70cda7-df0a-4eeb-b9a7-fd48b97b7af7	GET	/staff/list/Computer%20application	http://localhost:3000
11/11/2024, 00:53:30	4f699048-3a3d-4dad-9935-ea7fb54542b3	GET	/time_schedule/67310ed0abd2daeaa4213882	http://localhost:3000
11/11/2024, 00:53:30	d59acb6a-dd9d-44d6-8fed-0cd4169535dc	GET	/time_schedule/67310ed0abd2daeaa4213882	http://localhost:3000
11/11/2024, 00:53:30	e65ea7fe-6525-49e7-bf3e-72ae2f83ce3c	GET	/staff/list/Computer%20application	http://localhost:3000
11/11/2024, 00:53:30	46753e28-d46c-4927-8542-e90b35d58d6a	GET	/staff/list/Computer%20application	http://localhost:3000
11/11/2024, 00:53:30	498a3e88-9485-4722-aa9a-75219839a063	POST	/staff	undefined
11/11/2024, 11:24:03	47c92195-ec40-4f73-bdee-2a69536280e2	GET	/staff?username&name&email&department&password&role	undefined
11/11/2024, 11:29:30	188baab0-9f3f-4f83-8b44-7045920a2522	GET	/staf	undefined
11/11/2024, 15:42:22	349bb2e0-1e3e-4912-ba19-aa0d04a9766e	GET	/staff/list/Computer%20application	http://localhost:3000
